<?xml version="1.0" encoding="UTF-8"?>
<!-- Generated by org.testng.reporters.JUnitReportReporter -->
<testsuite hostname="Atuls-MacBook-Air.local" failures="0" tests="1" name="com.bridgelabz.qa.api_automation.Json_Server_ApiAutomationTest" time="2.695" errors="0" timestamp="2023-02-03T12:47:23 IST" skipped="0">
  <testcase classname="com.bridgelabz.qa.api_automation.Json_Server_ApiAutomationTest" name="get_post" time="2.695"/>
  <system-out/>
</testsuite> <!-- com.bridgelabz.qa.api_automation.Json_Server_ApiAutomationTest -->
