<?xml version="1.0" encoding="UTF-8"?>
<!-- Generated by org.testng.reporters.JUnitReportReporter -->
<testsuite hostname="Atuls-MacBook-Air.local" failures="0" tests="18" name="com.bridgelabz.qa.api_automation.ApiAutomationTest" time="10.876" errors="0" timestamp="2023-02-03T12:32:46 IST" skipped="0">
  <testcase classname="com.bridgelabz.qa.api_automation.ApiAutomationTest" name="get_User_Profile" time="2.580"/>
  <system-out/>
  <testcase classname="com.bridgelabz.qa.api_automation.ApiAutomationTest" name="get_Current_User_Profile" time="1.145"/>
  <system-out/>
  <testcase classname="com.bridgelabz.qa.api_automation.ApiAutomationTest" name="Create_Playlist" time="0.527"/>
  <system-out/>
  <testcase classname="com.bridgelabz.qa.api_automation.ApiAutomationTest" name="Search_for_item" time="0.626"/>
  <system-out/>
  <testcase classname="com.bridgelabz.qa.api_automation.ApiAutomationTest" name="Add_items_to_Playlist" time="0.385"/>
  <system-out/>
  <testcase classname="com.bridgelabz.qa.api_automation.ApiAutomationTest" name="Get_Playlist_Items" time="0.322"/>
  <system-out/>
  <testcase classname="com.bridgelabz.qa.api_automation.ApiAutomationTest" name="Get_Several_Tracks" time="0.239"/>
  <system-out/>
  <testcase classname="com.bridgelabz.qa.api_automation.ApiAutomationTest" name="Get_Playlist" time="0.340"/>
  <system-out/>
  <testcase classname="com.bridgelabz.qa.api_automation.ApiAutomationTest" name="Get_Users_Playlists" time="0.245"/>
  <system-out/>
  <testcase classname="com.bridgelabz.qa.api_automation.ApiAutomationTest" name="Get_Current_Users_Playlists" time="0.222"/>
  <system-out/>
  <testcase classname="com.bridgelabz.qa.api_automation.ApiAutomationTest" name="Get_Playlist_Cover_Image" time="0.279"/>
  <system-out/>
  <testcase classname="com.bridgelabz.qa.api_automation.ApiAutomationTest" name="Update_Playlist_Items" time="0.401"/>
  <system-out/>
  <testcase classname="com.bridgelabz.qa.api_automation.ApiAutomationTest" name="Change_Playlist_Details" time="0.361"/>
  <system-out/>
  <testcase classname="com.bridgelabz.qa.api_automation.ApiAutomationTest" name="Get_Tracks" time="0.281"/>
  <system-out/>
  <testcase classname="com.bridgelabz.qa.api_automation.ApiAutomationTest" name="Get_Tracks_Audio_Analysis" time="2.131"/>
  <system-out/>
  <testcase classname="com.bridgelabz.qa.api_automation.ApiAutomationTest" name="Get_Tracks_Audio_Features" time="0.252"/>
  <system-out/>
  <testcase classname="com.bridgelabz.qa.api_automation.ApiAutomationTest" name="Get_Track_Audio_Features" time="0.213"/>
  <system-out/>
  <testcase classname="com.bridgelabz.qa.api_automation.ApiAutomationTest" name="Remove_Playlist_Items" time="0.327"/>
  <system-out/>
</testsuite> <!-- com.bridgelabz.qa.api_automation.ApiAutomationTest -->
